[2017-10-06 18:30:57,288] INFO [Controller 0]: Controller starting up (kafka.controller.KafkaController)
[2017-10-06 18:30:57,366] INFO [Controller 0]: Broker 0 starting become controller state transition (kafka.controller.KafkaController)
[2017-10-06 18:30:57,394] INFO [Controller 0]: Controller 0 incremented epoch to 1 (kafka.controller.KafkaController)
[2017-10-06 18:30:57,395] DEBUG [Controller 0]: Registering IsrChangeNotificationListener (kafka.controller.KafkaController)
[2017-10-06 18:30:57,415] INFO [Controller 0]: Partitions undergoing preferred replica election:  (kafka.controller.KafkaController)
[2017-10-06 18:30:57,415] INFO [Controller 0]: Partitions that completed preferred replica election:  (kafka.controller.KafkaController)
[2017-10-06 18:30:57,416] INFO [Controller 0]: Resuming preferred replica election for partitions:  (kafka.controller.KafkaController)
[2017-10-06 18:30:57,418] INFO [Controller 0]: Partitions being reassigned: Map() (kafka.controller.KafkaController)
[2017-10-06 18:30:57,419] INFO [Controller 0]: Partitions already reassigned: List() (kafka.controller.KafkaController)
[2017-10-06 18:30:57,420] INFO [Controller 0]: Resuming reassignment of partitions: Map() (kafka.controller.KafkaController)
[2017-10-06 18:30:57,423] INFO [Controller 0]: List of topics to be deleted:  (kafka.controller.KafkaController)
[2017-10-06 18:30:57,424] INFO [Controller 0]: List of topics ineligible for deletion:  (kafka.controller.KafkaController)
[2017-10-06 18:30:57,427] INFO [Controller 0]: Currently active brokers in the cluster: Set() (kafka.controller.KafkaController)
[2017-10-06 18:30:57,428] INFO [Controller 0]: Currently shutting brokers in the cluster: Set() (kafka.controller.KafkaController)
[2017-10-06 18:30:57,435] INFO [Controller 0]: Current list of topics in the cluster: Set() (kafka.controller.KafkaController)
[2017-10-06 18:30:57,440] INFO [Replica state machine on controller 0]: Started replica state machine with initial state -> Map() (kafka.controller.ReplicaStateMachine)
[2017-10-06 18:30:57,445] INFO [Partition state machine on Controller 0]: Started partition state machine with initial state -> Map() (kafka.controller.PartitionStateMachine)
[2017-10-06 18:30:57,446] INFO [Controller 0]: Broker 0 is ready to serve as the new controller with epoch 1 (kafka.controller.KafkaController)
[2017-10-06 18:30:57,447] INFO [Controller 0]: Starting preferred replica leader election for partitions  (kafka.controller.KafkaController)
[2017-10-06 18:30:57,448] INFO [Partition state machine on Controller 0]: Invoking state change to OnlinePartition for partitions  (kafka.controller.PartitionStateMachine)
[2017-10-06 18:30:58,040] INFO [Controller 0]: starting the partition rebalance scheduler (kafka.controller.KafkaController)
[2017-10-06 18:30:58,041] INFO [Controller 0]: Controller startup complete (kafka.controller.KafkaController)
[2017-10-06 18:30:58,253] INFO [BrokerChangeListener on Controller 0]: Broker change listener fired for path /brokers/ids with children 0 (kafka.controller.ReplicaStateMachine$BrokerChangeListener)
[2017-10-06 18:30:58,282] INFO [BrokerChangeListener on Controller 0]: Newly added brokers: 0, deleted brokers: , all live brokers: 0 (kafka.controller.ReplicaStateMachine$BrokerChangeListener)
[2017-10-06 18:30:58,283] DEBUG [Channel manager on controller 0]: Controller 0 trying to connect to broker 0 (kafka.controller.ControllerChannelManager)
[2017-10-06 18:30:58,289] INFO [Controller-0-to-broker-0-send-thread], Starting  (kafka.controller.RequestSendThread)
[2017-10-06 18:30:58,289] INFO [Controller 0]: New broker startup callback for 0 (kafka.controller.KafkaController)
[2017-10-06 18:30:58,306] INFO [Controller-0-to-broker-0-send-thread], Controller 0 connected to akshay-Vostro-15-3568:9092 (id: 0 rack: null) for sending state change requests (kafka.controller.RequestSendThread)
[2017-10-06 18:31:03,041] TRACE [Controller 0]: checking need to trigger partition rebalance (kafka.controller.KafkaController)
[2017-10-06 18:31:03,045] DEBUG [Controller 0]: preferred replicas by broker Map() (kafka.controller.KafkaController)
[2017-10-06 18:34:00,852] INFO [Controller 0]: Shutting down broker 0 (kafka.controller.KafkaController)
[2017-10-06 18:34:00,886] DEBUG [Controller 0]: All shutting down brokers: 0 (kafka.controller.KafkaController)
[2017-10-06 18:34:00,887] DEBUG [Controller 0]: Live brokers:  (kafka.controller.KafkaController)
[2017-10-06 18:34:00,903] TRACE [Controller 0]: All leaders =  (kafka.controller.KafkaController)
[2017-10-06 18:34:04,408] DEBUG [Controller 0]: Controller resigning, broker id 0 (kafka.controller.KafkaController)
[2017-10-06 18:34:04,431] DEBUG [Controller 0]: De-registering IsrChangeNotificationListener (kafka.controller.KafkaController)
[2017-10-06 18:34:04,477] INFO [Partition state machine on Controller 0]: Stopped partition state machine (kafka.controller.PartitionStateMachine)
[2017-10-06 18:34:04,501] INFO [Replica state machine on controller 0]: Stopped replica state machine (kafka.controller.ReplicaStateMachine)
[2017-10-06 18:34:04,509] INFO [Controller-0-to-broker-0-send-thread], Shutting down (kafka.controller.RequestSendThread)
[2017-10-06 18:34:04,509] INFO [Controller-0-to-broker-0-send-thread], Stopped  (kafka.controller.RequestSendThread)
[2017-10-06 18:34:04,509] INFO [Controller-0-to-broker-0-send-thread], Shutdown completed (kafka.controller.RequestSendThread)
[2017-10-06 18:34:04,512] INFO [Controller 0]: Broker 0 resigned as the controller (kafka.controller.KafkaController)
