[2017-10-06 18:30:56,356] INFO starting (kafka.server.KafkaServer)
[2017-10-06 18:30:56,367] INFO Connecting to zookeeper on localhost:2181 (kafka.server.KafkaServer)
[2017-10-06 18:30:56,374] INFO Starting ZkClient event thread. (org.I0Itec.zkclient.ZkEventThread)
[2017-10-06 18:30:56,398] INFO Waiting for keeper state SyncConnected (org.I0Itec.zkclient.ZkClient)
[2017-10-06 18:30:56,474] INFO zookeeper state changed (SyncConnected) (org.I0Itec.zkclient.ZkClient)
[2017-10-06 18:30:56,976] INFO Log directory '/tmp/kafka_data' not found, creating it. (kafka.log.LogManager)
[2017-10-06 18:30:56,981] INFO Loading logs. (kafka.log.LogManager)
[2017-10-06 18:30:56,989] INFO Logs loading complete. (kafka.log.LogManager)
[2017-10-06 18:30:57,144] INFO Starting log cleanup with a period of 300000 ms. (kafka.log.LogManager)
[2017-10-06 18:30:57,146] INFO Starting log flusher with a default period of 9223372036854775807 ms. (kafka.log.LogManager)
[2017-10-06 18:30:57,153] WARN No meta.properties file under dir /tmp/kafka_data/meta.properties (kafka.server.BrokerMetadataCheckpoint)
[2017-10-06 18:30:57,208] INFO Awaiting socket connections on 0.0.0.0:9092. (kafka.network.Acceptor)
[2017-10-06 18:30:57,221] INFO [Socket Server on Broker 0], Started 1 acceptor threads (kafka.network.SocketServer)
[2017-10-06 18:30:57,246] INFO [ExpirationReaper-0], Starting  (kafka.server.DelayedOperationPurgatory$ExpiredOperationReaper)
[2017-10-06 18:30:57,249] INFO [ExpirationReaper-0], Starting  (kafka.server.DelayedOperationPurgatory$ExpiredOperationReaper)
[2017-10-06 18:30:57,328] INFO Creating /controller (is it secure? false) (kafka.utils.ZKCheckedEphemeral)
[2017-10-06 18:30:57,365] INFO Result of znode creation is: OK (kafka.utils.ZKCheckedEphemeral)
[2017-10-06 18:30:57,365] INFO 0 successfully elected as leader (kafka.server.ZookeeperLeaderElector)
[2017-10-06 18:30:58,046] INFO [ExpirationReaper-0], Starting  (kafka.server.DelayedOperationPurgatory$ExpiredOperationReaper)
[2017-10-06 18:30:58,046] INFO [ExpirationReaper-0], Starting  (kafka.server.DelayedOperationPurgatory$ExpiredOperationReaper)
[2017-10-06 18:30:58,072] INFO [GroupCoordinator 0]: Starting up. (kafka.coordinator.GroupCoordinator)
[2017-10-06 18:30:58,072] INFO [GroupCoordinator 0]: Startup complete. (kafka.coordinator.GroupCoordinator)
[2017-10-06 18:30:58,076] INFO [Group Metadata Manager on Broker 0]: Removed 0 expired offsets in 5 milliseconds. (kafka.coordinator.GroupMetadataManager)
[2017-10-06 18:30:58,084] INFO [ThrottledRequestReaper-Produce], Starting  (kafka.server.ClientQuotaManager$ThrottledRequestReaper)
[2017-10-06 18:30:58,084] INFO [ThrottledRequestReaper-Fetch], Starting  (kafka.server.ClientQuotaManager$ThrottledRequestReaper)
[2017-10-06 18:30:58,088] INFO Will not load MX4J, mx4j-tools.jar is not in the classpath (kafka.utils.Mx4jLoader$)
[2017-10-06 18:30:58,116] INFO Creating /brokers/ids/0 (is it secure? false) (kafka.utils.ZKCheckedEphemeral)
[2017-10-06 18:30:58,130] INFO New leader is 0 (kafka.server.ZookeeperLeaderElector$LeaderChangeListener)
[2017-10-06 18:30:58,248] INFO Result of znode creation is: OK (kafka.utils.ZKCheckedEphemeral)
[2017-10-06 18:30:58,249] INFO Registered broker 0 at path /brokers/ids/0 with addresses: PLAINTEXT -> EndPoint(akshay-Vostro-15-3568,9092,PLAINTEXT) (kafka.utils.ZkUtils)
[2017-10-06 18:30:58,250] WARN No meta.properties file under dir /tmp/kafka_data/meta.properties (kafka.server.BrokerMetadataCheckpoint)
[2017-10-06 18:30:58,307] INFO [Kafka Server 0], started (kafka.server.KafkaServer)
